<?xml version="1.0" encoding="UTF-8"?>
<!-- Generated by org.testng.reporters.JUnitReportReporter -->
<testsuite hostname="DMM-G6394Y5V" failures="0" tests="1" name="UIAutomaton.SevenPeak.SearchPositionusingDropDown" time="75.636" errors="0" timestamp="2024-04-07T22:11:23 MMT" skipped="0">
  <testcase classname="UIAutomaton.SevenPeak.SearchPositionusingDropDown" name="searchCareer" time="75.636"/>
  <system-out/>
</testsuite> <!-- UIAutomaton.SevenPeak.SearchPositionusingDropDown -->
