<?xml version="1.0" encoding="UTF-8"?>
<!-- Generated by org.testng.reporters.JUnitReportReporter -->
<testsuite hostname="DMM-G6394Y5V" failures="0" tests="1" name="UIAutomaton.SevenPeak.SearchCareer" time="76.236" errors="0" timestamp="2024-04-07T21:21:31 MMT" skipped="0">
  <testcase classname="UIAutomaton.SevenPeak.SearchCareer" name="searchCareer" time="76.236"/>
  <system-out/>
</testsuite> <!-- UIAutomaton.SevenPeak.SearchCareer -->
