<?xml version="1.0" encoding="UTF-8"?>
<!-- Generated by org.testng.reporters.JUnitReportReporter -->
<testsuite hostname="DMM-G6394Y5V" failures="0" tests="1" name="UIAutomaton.SevenPeak.SearchCareer" time="78.914" errors="0" timestamp="2024-04-07T21:47:45 MMT" skipped="0">
  <testcase classname="UIAutomaton.SevenPeak.SearchCareer" name="searchCareer" time="78.914"/>
  <system-out/>
</testsuite> <!-- UIAutomaton.SevenPeak.SearchCareer -->
